<?xml version="1.0" encoding="UTF-8"?>
<!-- Generated by org.testng.reporters.JUnitXMLReporter -->
<testsuite ignored="0" hostname="LAPTOP-43LLEU7B" failures="0" tests="5" name="Test" time="38.996" errors="0" timestamp="2024-08-26T10:00:47 IST">
  <testcase classname="com.basicapplication.LoginTest" name="ObjectverifyLoginwrongPassword" time="1.604"/>
  <testcase classname="com.basicapplication.LoginTest" name="verifyLoginwrongemail" time="1.35"/>
  <testcase classname="com.basicapplication.LoginTest" name="verifyLoginwrongEmail" time="1.105"/>
  <testcase classname="com.basicapplication.LoginTest" name="verifyLoginwrongEmail" time="1.12"/>
  <testcase classname="com.basicapplication.LoginTest" name="verifyLoginwrongEmail" time="1.03"/>
</testsuite> <!-- Test -->
