<?xml version="1.0" encoding="UTF-8"?>
<testng-results ignored="0" total="5" passed="5" failed="0" skipped="0">
  <reporter-output>
  </reporter-output>
  <suite started-at="2024-08-26T10:00:08 IST" name="Suite" finished-at="2024-08-26T10:00:47 IST" duration-ms="38996">
    <groups>
    </groups>
    <test started-at="2024-08-26T10:00:08 IST" name="Test" finished-at="2024-08-26T10:00:47 IST" duration-ms="38996">
      <class name="com.basicapplication.LoginTest">
        <test-method is-config="true" signature="setup()[pri:0, instance:com.basicapplication.LoginTest@229c6181]" started-at="2024-08-26T10:00:09 IST" name="setup" finished-at="2024-08-26T10:00:18 IST" duration-ms="9385" status="PASS">
          <reporter-output>
          </reporter-output>
        </test-method> <!-- setup -->
        <test-method signature="ObjectverifyLoginwrongPassword()[pri:1, instance:com.basicapplication.LoginTest@229c6181]" started-at="2024-08-26T10:00:18 IST" name="ObjectverifyLoginwrongPassword" finished-at="2024-08-26T10:00:20 IST" duration-ms="1604" status="PASS">
          <reporter-output>
          </reporter-output>
        </test-method> <!-- ObjectverifyLoginwrongPassword -->
        <test-method is-config="true" signature="tearDown()[pri:0, instance:com.basicapplication.LoginTest@229c6181]" started-at="2024-08-26T10:00:20 IST" name="tearDown" finished-at="2024-08-26T10:00:20 IST" duration-ms="481" status="PASS">
          <reporter-output>
          </reporter-output>
        </test-method> <!-- tearDown -->
        <test-method is-config="true" signature="setup()[pri:0, instance:com.basicapplication.LoginTest@229c6181]" started-at="2024-08-26T10:00:20 IST" name="setup" finished-at="2024-08-26T10:00:25 IST" duration-ms="4779" status="PASS">
          <reporter-output>
          </reporter-output>
        </test-method> <!-- setup -->
        <test-method signature="verifyLoginwrongemail()[pri:2, instance:com.basicapplication.LoginTest@229c6181]" started-at="2024-08-26T10:00:25 IST" name="verifyLoginwrongemail" finished-at="2024-08-26T10:00:26 IST" depends-on-methods="com.basicapplication.LoginTest.ObjectverifyLoginwrongPassword" duration-ms="1350" status="PASS">
          <reporter-output>
          </reporter-output>
        </test-method> <!-- verifyLoginwrongemail -->
        <test-method is-config="true" signature="tearDown()[pri:0, instance:com.basicapplication.LoginTest@229c6181]" started-at="2024-08-26T10:00:26 IST" name="tearDown" finished-at="2024-08-26T10:00:27 IST" duration-ms="335" status="PASS">
          <reporter-output>
          </reporter-output>
        </test-method> <!-- tearDown -->
        <test-method is-config="true" signature="setup()[pri:0, instance:com.basicapplication.LoginTest@229c6181]" started-at="2024-08-26T10:00:29 IST" name="setup" finished-at="2024-08-26T10:00:34 IST" duration-ms="4622" status="PASS">
          <reporter-output>
          </reporter-output>
        </test-method> <!-- setup -->
        <test-method signature="verifyLoginwrongEmail(java.lang.String,java.lang.String)[pri:3, instance:com.basicapplication.LoginTest@229c6181]" started-at="2024-08-26T10:00:34 IST" name="verifyLoginwrongEmail" data-provider="validCredentialsSupplier" finished-at="2024-08-26T10:00:35 IST" duration-ms="1105" status="PASS">
          <params>
            <param index="0">
              <value>
                <![CDATA[amotooricap9@gmail.com]]>
              </value>
            </param>
            <param index="1">
              <value>
                <![CDATA[12345]]>
              </value>
            </param>
          </params>
          <reporter-output>
          </reporter-output>
        </test-method> <!-- verifyLoginwrongEmail -->
        <test-method is-config="true" signature="tearDown()[pri:0, instance:com.basicapplication.LoginTest@229c6181]" started-at="2024-08-26T10:00:35 IST" name="tearDown" finished-at="2024-08-26T10:00:35 IST" duration-ms="269" status="PASS">
          <reporter-output>
          </reporter-output>
        </test-method> <!-- tearDown -->
        <test-method is-config="true" signature="setup()[pri:0, instance:com.basicapplication.LoginTest@229c6181]" started-at="2024-08-26T10:00:35 IST" name="setup" finished-at="2024-08-26T10:00:40 IST" duration-ms="4560" status="PASS">
          <reporter-output>
          </reporter-output>
        </test-method> <!-- setup -->
        <test-method signature="verifyLoginwrongEmail(java.lang.String,java.lang.String)[pri:3, instance:com.basicapplication.LoginTest@229c6181]" started-at="2024-08-26T10:00:40 IST" name="verifyLoginwrongEmail" data-provider="validCredentialsSupplier" finished-at="2024-08-26T10:00:41 IST" duration-ms="1120" status="PASS">
          <params>
            <param index="0">
              <value>
                <![CDATA[amotooricap1@gmail.com]]>
              </value>
            </param>
            <param index="1">
              <value>
                <![CDATA[12345]]>
              </value>
            </param>
          </params>
          <reporter-output>
          </reporter-output>
        </test-method> <!-- verifyLoginwrongEmail -->
        <test-method is-config="true" signature="tearDown()[pri:0, instance:com.basicapplication.LoginTest@229c6181]" started-at="2024-08-26T10:00:41 IST" name="tearDown" finished-at="2024-08-26T10:00:41 IST" duration-ms="252" status="PASS">
          <reporter-output>
          </reporter-output>
        </test-method> <!-- tearDown -->
        <test-method is-config="true" signature="setup()[pri:0, instance:com.basicapplication.LoginTest@229c6181]" started-at="2024-08-26T10:00:41 IST" name="setup" finished-at="2024-08-26T10:00:46 IST" duration-ms="4585" status="PASS">
          <reporter-output>
          </reporter-output>
        </test-method> <!-- setup -->
        <test-method signature="verifyLoginwrongEmail(java.lang.String,java.lang.String)[pri:3, instance:com.basicapplication.LoginTest@229c6181]" started-at="2024-08-26T10:00:46 IST" name="verifyLoginwrongEmail" data-provider="validCredentialsSupplier" finished-at="2024-08-26T10:00:47 IST" duration-ms="1030" status="PASS">
          <params>
            <param index="0">
              <value>
                <![CDATA[amotooricap3@gmail.com]]>
              </value>
            </param>
            <param index="1">
              <value>
                <![CDATA[12345]]>
              </value>
            </param>
          </params>
          <reporter-output>
          </reporter-output>
        </test-method> <!-- verifyLoginwrongEmail -->
        <test-method is-config="true" signature="tearDown()[pri:0, instance:com.basicapplication.LoginTest@229c6181]" started-at="2024-08-26T10:00:47 IST" name="tearDown" finished-at="2024-08-26T10:00:47 IST" duration-ms="236" status="PASS">
          <reporter-output>
          </reporter-output>
        </test-method> <!-- tearDown -->
      </class> <!-- com.basicapplication.LoginTest -->
    </test> <!-- Test -->
  </suite> <!-- Suite -->
</testng-results>
